  2021g_Server.cpp
E:\대학교\3-2\게임서버\2021_게임서버_기말텀프\GServer_Project\GServer_Project\2021g_Server.cpp(255,1): error C2280: 'CLIENT::CLIENT(const CLIENT &)': 삭제된 함수를 참조하려고 합니다.
E:\대학교\3-2\게임서버\2021_게임서버_기말텀프\GServer_Project\GServer_Project\CLIENT.h(64): message : 컴파일러에서 여기에 'CLIENT::CLIENT'을(를) 생성했습니다.
E:\대학교\3-2\게임서버\2021_게임서버_기말텀프\GServer_Project\GServer_Project\CLIENT.h(64,1): message : 'CLIENT::CLIENT(const CLIENT &)': 데이터 멤버이(가) 삭제되거나 액세스할 수 없는 'std::mutex::mutex(const std::mutex &)' 함수를 호출하므로 함수가 암시적으로 삭제되었습니다.
C:\Program Files\Microsoft Visual Studio\2022\Community\VC\Tools\MSVC\14.33.31629\include\mutex(91,5): message : 'std::mutex::mutex(const std::mutex &)': 함수가 명시적으로 삭제되었습니다.
E:\대학교\3-2\게임서버\2021_게임서버_기말텀프\GServer_Project\GServer_Project\2021g_Server.cpp(295,13): error C3861: 'LoadDB': 식별자를 찾을 수 없습니다.
E:\대학교\3-2\게임서버\2021_게임서버_기말텀프\GServer_Project\GServer_Project\2021g_Server.cpp(296,20): warning C4244: '=': 'SQLINTEGER'에서 'short'(으)로 변환하면서 데이터가 손실될 수 있습니다.
E:\대학교\3-2\게임서버\2021_게임서버_기말텀프\GServer_Project\GServer_Project\2021g_Server.cpp(297,20): warning C4244: '=': 'SQLINTEGER'에서 'short'(으)로 변환하면서 데이터가 손실될 수 있습니다.
E:\대학교\3-2\게임서버\2021_게임서버_기말텀프\GServer_Project\GServer_Project\2021g_Server.cpp(298,24): warning C4244: '=': 'SQLINTEGER'에서 'short'(으)로 변환하면서 데이터가 손실될 수 있습니다.
E:\대학교\3-2\게임서버\2021_게임서버_기말텀프\GServer_Project\GServer_Project\2021g_Server.cpp(299,24): warning C4244: '=': 'SQLINTEGER'에서 'short'(으)로 변환하면서 데이터가 손실될 수 있습니다.
E:\대학교\3-2\게임서버\2021_게임서버_기말텀프\GServer_Project\GServer_Project\2021g_Server.cpp(300,21): warning C4244: '=': 'SQLINTEGER'에서 'short'(으)로 변환하면서 데이터가 손실될 수 있습니다.
E:\대학교\3-2\게임서버\2021_게임서버_기말텀프\GServer_Project\GServer_Project\2021g_Server.cpp(301,22): warning C4244: '=': 'SQLINTEGER'에서 'short'(으)로 변환하면서 데이터가 손실될 수 있습니다.
E:\대학교\3-2\게임서버\2021_게임서버_기말텀프\GServer_Project\GServer_Project\2021g_Server.cpp(302,25): warning C4244: '=': 'SQLINTEGER'에서 'short'(으)로 변환하면서 데이터가 손실될 수 있습니다.
  DataBase.cpp
E:\대학교\3-2\게임서버\2021_게임서버_기말텀프\GServer_Project\GServer_Project\DataBase.cpp(109,37): warning C4477: 'sprintf_s' : 서식 문자열 '%s'에 'char *' 형식의 인수가 필요하지만 variadic 인수 2의 형식이 'int'입니다.
E:\대학교\3-2\게임서버\2021_게임서버_기말텀프\GServer_Project\GServer_Project\DataBase.cpp(109,37): warning C4313: 'sprintf_s': 서식 문자열의 '%s'이(가) int' 형식의 인수 2과(와) 충돌합니다.
E:\대학교\3-2\게임서버\2021_게임서버_기말텀프\GServer_Project\GServer_Project\DataBase.cpp(109,37): warning C4477: 'sprintf_s' : 서식 문자열 '%s'에 'char *' 형식의 인수가 필요하지만 variadic 인수 3의 형식이 'int'입니다.
E:\대학교\3-2\게임서버\2021_게임서버_기말텀프\GServer_Project\GServer_Project\DataBase.cpp(109,37): warning C4313: 'sprintf_s': 서식 문자열의 '%s'이(가) int' 형식의 인수 3과(와) 충돌합니다.
E:\대학교\3-2\게임서버\2021_게임서버_기말텀프\GServer_Project\GServer_Project\DataBase.cpp(109,37): warning C4477: 'sprintf_s' : 서식 문자열 '%s'에 'char *' 형식의 인수가 필요하지만 variadic 인수 4의 형식이 'int'입니다.
E:\대학교\3-2\게임서버\2021_게임서버_기말텀프\GServer_Project\GServer_Project\DataBase.cpp(109,37): warning C4313: 'sprintf_s': 서식 문자열의 '%s'이(가) int' 형식의 인수 4과(와) 충돌합니다.
E:\대학교\3-2\게임서버\2021_게임서버_기말텀프\GServer_Project\GServer_Project\DataBase.cpp(109,37): warning C4477: 'sprintf_s' : 서식 문자열 '%s'에 'char *' 형식의 인수가 필요하지만 variadic 인수 5의 형식이 'int'입니다.
E:\대학교\3-2\게임서버\2021_게임서버_기말텀프\GServer_Project\GServer_Project\DataBase.cpp(109,37): warning C4313: 'sprintf_s': 서식 문자열의 '%s'이(가) int' 형식의 인수 5과(와) 충돌합니다.
E:\대학교\3-2\게임서버\2021_게임서버_기말텀프\GServer_Project\GServer_Project\DataBase.cpp(109,37): warning C4477: 'sprintf_s' : 서식 문자열 '%s'에 'char *' 형식의 인수가 필요하지만 variadic 인수 6의 형식이 'int'입니다.
E:\대학교\3-2\게임서버\2021_게임서버_기말텀프\GServer_Project\GServer_Project\DataBase.cpp(109,37): warning C4313: 'sprintf_s': 서식 문자열의 '%s'이(가) int' 형식의 인수 6과(와) 충돌합니다.
E:\대학교\3-2\게임서버\2021_게임서버_기말텀프\GServer_Project\GServer_Project\DataBase.cpp(163,17): warning C4101: 'p_level' :참조되지 않은 지역 변수입니다.
E:\대학교\3-2\게임서버\2021_게임서버_기말텀프\GServer_Project\GServer_Project\DataBase.cpp(221,16): warning C4101: 'p_id' :참조되지 않은 지역 변수입니다.
E:\대학교\3-2\게임서버\2021_게임서버_기말텀프\GServer_Project\GServer_Project\DataBase.cpp(223,17): warning C4101: 'p_level' :참조되지 않은 지역 변수입니다.
  코드를 생성하고 있습니다...
